1784476126 18 11 0 0 0 7 0 1 14959 0 11
1784476127 18 11 0 0 0 7 0 1 14959 0 11
1784476434 18 11 0 0 0 7 0 1 14964 0 11
1784477669 18 11 0 0 0 7 0 1 14985 0 11
1784478929 18 11 0 0 0 7 0 1 15006 0 11
1784480129 18 11 0 0 0 7 0 1 15026 0 11
1784481389 18 11 0 0 0 7 0 1 15047 0 11
1784482649 18 11 0 0 0 7 0 1 15068 0 11
1784483114 20 11 0 0 0 9 0 1 15076 0 11 1947 327
1784484329 19 11 0 0 0 8 0 1 15096 0 11 2212 325
1784485529 19 11 0 0 0 8 0 1 15116 0 11 2214 325
1784486671 19 11 0 1 0 7 0 1 15135 0 11 2053 325
1784486789 19 11 0 0 0 8 0 1 15137 0 11 2067 325
1784488049 19 11 0 0 0 8 0 1 15158 0 11 2102 325
1784489309 19 11 0 0 0 8 0 1 15179 0 11 2108 325
1784490569 19 11 0 0 0 8 0 1 15200 0 11 2105 325
1784491829 19 11 0 0 0 8 0 1 15221 0 11 2104 325
1784493089 20 11 0 0 0 9 0 1 15242 0 11 1836 325
1784494349 20 11 0 0 0 9 0 1 15263 0 11 1849 325
1784495609 20 11 0 0 0 9 0 1 15284 0 11 1850 325
1784496869 20 11 0 0 0 9 0 1 15305 0 11 1851 325
1784498129 20 11 0 0 0 9 0 1 15326 0 11 1851 325
1784499389 20 11 0 0 0 9 0 1 15347 0 11 1849 325
1784500649 20 11 0 0 0 9 0 1 15368 0 11 1847 325
1784501909 20 11 0 0 0 9 0 1 15389 0 11 1842 325
1784503169 20 11 0 0 0 9 0 1 15410 0 11 1837 325
1784504429 20 11 0 0 0 9 0 1 15431 0 11 1846 325
1784505689 20 11 0 0 0 9 0 1 15452 0 11 1837 325
1784506949 20 11 0 0 0 9 0 1 15473 0 11 1843 325
1784508209 20 11 0 0 0 9 0 1 15494 0 11 1843 325
1784509469 20 11 0 0 0 9 0 1 15515 0 11 1843 325
1784510729 20 11 0 0 0 9 0 1 15536 0 11 1847 325
1784511989 20 11 0 0 0 9 0 1 15557 0 11 1824 328
1784513249 20 11 0 0 0 9 0 1 15578 0 11 1829 328
1784514509 20 11 0 0 0 9 0 1 15599 0 11 1824 328
1784515769 20 11 0 0 0 9 0 1 15620 0 11 1826 328
1784517029 20 11 0 0 0 9 0 1 15641 0 11 1823 328
1784518289 20 11 0 0 0 9 0 1 15662 0 11 1820 328
1784519549 20 11 0 0 0 9 0 1 15683 0 11 1817 328
1784520809 20 11 0 0 0 9 0 1 15704 0 11 1821 328
1784522069 20 11 0 0 0 9 0 1 15725 0 11 1823 328
1784523329 20 11 0 0 0 9 0 1 15746 0 11 1820 328
1784524589 20 11 0 0 0 9 0 1 15767 0 11 1811 328
1784525849 20 11 0 0 0 9 0 1 15788 0 11 1822 328
1784527109 20 11 0 0 0 9 0 1 15809 0 11 1816 328
1784528369 19 12 0 0 0 7 0 1 15830 0 12 2038 328
1784529629 19 12 0 0 0 7 0 1 15851 0 12 2516 802
1784530889 19 12 0 0 0 7 0 1 15872 0 12 2497 802
1784532149 19 12 0 0 0 7 0 1 15893 0 12 2516 802
1784533409 20 13 0 0 0 7 0 1 15914 0 13 2237 802
1784534669 20 13 0 0 0 7 0 1 15935 0 13 2236 802
1784535929 20 13 0 0 0 7 0 1 15956 0 13 2250 802
1784537189 20 13 0 0 0 7 0 1 15977 0 13 2276 802
1784538449 20 13 0 0 0 7 0 1 15998 0 13 2275 802
1784539709 20 13 0 0 0 7 0 1 16019 0 13 2250 802
1784540969 20 13 0 0 0 7 0 1 16040 0 13 2249 802
1784542229 20 13 0 0 0 7 0 1 16061 0 13 2250 802
1784543489 14 8 0 0 0 6 0 0 16082 0 8 3736 662
1784544749 14 9 0 0 0 5 0 0 16103 0 9 3740 662
1784546009 14 9 0 0 0 5 0 0 16124 0 9 3739 662
1784547269 13 7 0 1 0 5 0 0 16145 0 7 3779 635
1784548474 8 3 0 2 0 3 0 1 6 0 3 4832 426
1784549432 2 1 0 0 0 1 0 0 8 0 1 7029 151
1784549679 2 1 0 0 0 1 0 0 12 0 1 6997 151
1784550929 2 1 0 0 0 1 0 0 34 0 1 7036 151
1784552189 2 1 0 0 0 1 0 0 2 0 1 7040 151
